<object-stream>
<org.drools.core.audit.WorkingMemoryLog>
  <version>6.1</version>
  <events>
    <org.drools.core.audit.event.ObjectLogEvent>
      <type>1</type>
      <factId>1</factId>
      <objectToString>com.sample.Main$GUI@11acdc30</objectToString>
    </org.drools.core.audit.event.ObjectLogEvent>
    <org.drools.core.audit.event.ActivationLogEvent>
      <type>4</type>
      <activationId>Are you in Mexico? (or in a Mexican restaurant?) [1]</activationId>
      <rule>Are you in Mexico? (or in a Mexican restaurant?)</rule>
      <declarations>g=com.sample.Main$GUI@11acdc30</declarations>
      <factHandleIds>1</factHandleIds>
    </org.drools.core.audit.event.ActivationLogEvent>
    <org.drools.core.audit.event.ActivationLogEvent>
      <type>6</type>
      <activationId>Are you in Mexico? (or in a Mexican restaurant?) [1]</activationId>
      <rule>Are you in Mexico? (or in a Mexican restaurant?)</rule>
      <declarations>g=com.sample.Main$GUI@11acdc30</declarations>
      <factHandleIds>1</factHandleIds>
    </org.drools.core.audit.event.ActivationLogEvent>
    <org.drools.core.audit.event.ObjectLogEvent>
      <type>1</type>
      <factId>2</factId>
      <objectToString>Enquiry( question=Are you in Mexico? (or in a Mexican restaurant?), options=[YES, NO], answer=NO )</objectToString>
    </org.drools.core.audit.event.ObjectLogEvent>
    <org.drools.core.audit.event.ActivationLogEvent>
      <type>7</type>
      <activationId>Are you in Mexico? (or in a Mexican restaurant?) [1]</activationId>
      <rule>Are you in Mexico? (or in a Mexican restaurant?)</rule>
      <declarations>g=com.sample.Main$GUI@11acdc30</declarations>
      <factHandleIds>1</factHandleIds>
    </org.drools.core.audit.event.ActivationLogEvent>
    <org.drools.core.audit.event.ActivationLogEvent>
      <type>4</type>
      <activationId>Are you in Mexico? (or in a Mexican restaurant?) - NO - Do you PwN nOoBs? [1, 2]</activationId>
      <rule>Are you in Mexico? (or in a Mexican restaurant?) - NO - Do you PwN nOoBs?</rule>
      <declarations>g=com.sample.Main$GUI@11acdc30</declarations>
      <factHandleIds>2,1</factHandleIds>
    </org.drools.core.audit.event.ActivationLogEvent>
    <org.drools.core.audit.event.ActivationLogEvent>
      <type>6</type>
      <activationId>Are you in Mexico? (or in a Mexican restaurant?) - NO - Do you PwN nOoBs? [1, 2]</activationId>
      <rule>Are you in Mexico? (or in a Mexican restaurant?) - NO - Do you PwN nOoBs?</rule>
      <declarations>g=com.sample.Main$GUI@11acdc30</declarations>
      <factHandleIds>2,1</factHandleIds>
    </org.drools.core.audit.event.ActivationLogEvent>
    <org.drools.core.audit.event.ObjectLogEvent>
      <type>1</type>
      <factId>3</factId>
      <objectToString>Enquiry( question=Do you PwN nOoBs?, options=[YES, NO], answer=NO )</objectToString>
    </org.drools.core.audit.event.ObjectLogEvent>
    <org.drools.core.audit.event.ActivationLogEvent>
      <type>7</type>
      <activationId>Are you in Mexico? (or in a Mexican restaurant?) - NO - Do you PwN nOoBs? [1, 2]</activationId>
      <rule>Are you in Mexico? (or in a Mexican restaurant?) - NO - Do you PwN nOoBs?</rule>
      <declarations>g=com.sample.Main$GUI@11acdc30</declarations>
      <factHandleIds>2,1</factHandleIds>
    </org.drools.core.audit.event.ActivationLogEvent>
    <org.drools.core.audit.event.ActivationLogEvent>
      <type>4</type>
      <activationId>Do you PwN nOoBs? - NO - Are you on a diet? [1, 3]</activationId>
      <rule>Do you PwN nOoBs? - NO - Are you on a diet?</rule>
      <declarations>g=com.sample.Main$GUI@11acdc30</declarations>
      <factHandleIds>3,1</factHandleIds>
    </org.drools.core.audit.event.ActivationLogEvent>
    <org.drools.core.audit.event.ActivationLogEvent>
      <type>6</type>
      <activationId>Do you PwN nOoBs? - NO - Are you on a diet? [1, 3]</activationId>
      <rule>Do you PwN nOoBs? - NO - Are you on a diet?</rule>
      <declarations>g=com.sample.Main$GUI@11acdc30</declarations>
      <factHandleIds>3,1</factHandleIds>
    </org.drools.core.audit.event.ActivationLogEvent>
    <org.drools.core.audit.event.ObjectLogEvent>
      <type>1</type>
      <factId>4</factId>
      <objectToString>Enquiry( question=Are you on a diet?, options=[YES, NO], answer=NO )</objectToString>
    </org.drools.core.audit.event.ObjectLogEvent>
    <org.drools.core.audit.event.ActivationLogEvent>
      <type>7</type>
      <activationId>Do you PwN nOoBs? - NO - Are you on a diet? [1, 3]</activationId>
      <rule>Do you PwN nOoBs? - NO - Are you on a diet?</rule>
      <declarations>g=com.sample.Main$GUI@11acdc30</declarations>
      <factHandleIds>3,1</factHandleIds>
    </org.drools.core.audit.event.ActivationLogEvent>
    <org.drools.core.audit.event.ActivationLogEvent>
      <type>4</type>
      <activationId>Are you on a diet? - NO - Are you animated? [1, 4]</activationId>
      <rule>Are you on a diet? - NO - Are you animated?</rule>
      <declarations>g=com.sample.Main$GUI@11acdc30</declarations>
      <factHandleIds>4,1</factHandleIds>
    </org.drools.core.audit.event.ActivationLogEvent>
    <org.drools.core.audit.event.ActivationLogEvent>
      <type>6</type>
      <activationId>Are you on a diet? - NO - Are you animated? [1, 4]</activationId>
      <rule>Are you on a diet? - NO - Are you animated?</rule>
      <declarations>g=com.sample.Main$GUI@11acdc30</declarations>
      <factHandleIds>4,1</factHandleIds>
    </org.drools.core.audit.event.ActivationLogEvent>
    <org.drools.core.audit.event.ObjectLogEvent>
      <type>1</type>
      <factId>5</factId>
      <objectToString>Enquiry( question=Are you animated?, options=[YES, NO], answer=NO )</objectToString>
    </org.drools.core.audit.event.ObjectLogEvent>
    <org.drools.core.audit.event.ActivationLogEvent>
      <type>7</type>
      <activationId>Are you on a diet? - NO - Are you animated? [1, 4]</activationId>
      <rule>Are you on a diet? - NO - Are you animated?</rule>
      <declarations>g=com.sample.Main$GUI@11acdc30</declarations>
      <factHandleIds>4,1</factHandleIds>
    </org.drools.core.audit.event.ActivationLogEvent>
    <org.drools.core.audit.event.ActivationLogEvent>
      <type>4</type>
      <activationId>Are you animated? - NO - Are you a juggalo? [1, 5]</activationId>
      <rule>Are you animated? - NO - Are you a juggalo?</rule>
      <declarations>g=com.sample.Main$GUI@11acdc30</declarations>
      <factHandleIds>5,1</factHandleIds>
    </org.drools.core.audit.event.ActivationLogEvent>
    <org.drools.core.audit.event.ActivationLogEvent>
      <type>6</type>
      <activationId>Are you animated? - NO - Are you a juggalo? [1, 5]</activationId>
      <rule>Are you animated? - NO - Are you a juggalo?</rule>
      <declarations>g=com.sample.Main$GUI@11acdc30</declarations>
      <factHandleIds>5,1</factHandleIds>
    </org.drools.core.audit.event.ActivationLogEvent>
    <org.drools.core.audit.event.ObjectLogEvent>
      <type>1</type>
      <factId>6</factId>
      <objectToString>Enquiry( question=Are you a juggalo?, options=[YES, NO], answer=NO )</objectToString>
    </org.drools.core.audit.event.ObjectLogEvent>
    <org.drools.core.audit.event.ActivationLogEvent>
      <type>7</type>
      <activationId>Are you animated? - NO - Are you a juggalo? [1, 5]</activationId>
      <rule>Are you animated? - NO - Are you a juggalo?</rule>
      <declarations>g=com.sample.Main$GUI@11acdc30</declarations>
      <factHandleIds>5,1</factHandleIds>
    </org.drools.core.audit.event.ActivationLogEvent>
    <org.drools.core.audit.event.ActivationLogEvent>
      <type>4</type>
      <activationId>Are you a juggalo? - NO - Do you like the aftertaste of dirt? [1, 6]</activationId>
      <rule>Are you a juggalo? - NO - Do you like the aftertaste of dirt?</rule>
      <declarations>g=com.sample.Main$GUI@11acdc30</declarations>
      <factHandleIds>6,1</factHandleIds>
    </org.drools.core.audit.event.ActivationLogEvent>
    <org.drools.core.audit.event.ActivationLogEvent>
      <type>6</type>
      <activationId>Are you a juggalo? - NO - Do you like the aftertaste of dirt? [1, 6]</activationId>
      <rule>Are you a juggalo? - NO - Do you like the aftertaste of dirt?</rule>
      <declarations>g=com.sample.Main$GUI@11acdc30</declarations>
      <factHandleIds>6,1</factHandleIds>
    </org.drools.core.audit.event.ActivationLogEvent>
    <org.drools.core.audit.event.ObjectLogEvent>
      <type>1</type>
      <factId>7</factId>
      <objectToString>Enquiry( question=Do you like the aftertaste of dirt?, options=[YES, NO], answer=YES )</objectToString>
    </org.drools.core.audit.event.ObjectLogEvent>
    <org.drools.core.audit.event.ActivationLogEvent>
      <type>7</type>
      <activationId>Are you a juggalo? - NO - Do you like the aftertaste of dirt? [1, 6]</activationId>
      <rule>Are you a juggalo? - NO - Do you like the aftertaste of dirt?</rule>
      <declarations>g=com.sample.Main$GUI@11acdc30</declarations>
      <factHandleIds>6,1</factHandleIds>
    </org.drools.core.audit.event.ActivationLogEvent>
    <org.drools.core.audit.event.ActivationLogEvent>
      <type>4</type>
      <activationId>Do you like the aftertaste of dirt? - YES [1, 7]</activationId>
      <rule>Do you like the aftertaste of dirt? - YES</rule>
      <declarations>g=com.sample.Main$GUI@11acdc30</declarations>
      <factHandleIds>7,1</factHandleIds>
    </org.drools.core.audit.event.ActivationLogEvent>
    <org.drools.core.audit.event.ActivationLogEvent>
      <type>6</type>
      <activationId>Do you like the aftertaste of dirt? - YES [1, 7]</activationId>
      <rule>Do you like the aftertaste of dirt? - YES</rule>
      <declarations>g=com.sample.Main$GUI@11acdc30</declarations>
      <factHandleIds>7,1</factHandleIds>
    </org.drools.core.audit.event.ActivationLogEvent>
    <org.drools.core.audit.event.ActivationLogEvent>
      <type>7</type>
      <activationId>Do you like the aftertaste of dirt? - YES [1, 7]</activationId>
      <rule>Do you like the aftertaste of dirt? - YES</rule>
      <declarations>g=com.sample.Main$GUI@11acdc30</declarations>
      <factHandleIds>7,1</factHandleIds>
    </org.drools.core.audit.event.ActivationLogEvent>
  </events>
</org.drools.core.audit.WorkingMemoryLog>
</object-stream>
